<?xml version="1.0" encoding="UTF-8"?>
<!-- Generated by org.testng.reporters.JUnitXMLReporter -->
<testsuite ignored="0" hostname="LAPTOP-LE4TBF9R" failures="1" tests="1" name="Test" time="17.426" errors="0" timestamp="27 Jul 2023 14:13:18 GMT">
  <testcase classname="Vtiger.OrganizationTests.CreateOrgWithIndustryTest" name="CreOrgWithIndTest" time="8.874">
    <failure type="java.lang.AssertionError" message="null">
      <![CDATA[java.lang.AssertionError: null
at Vtiger.OrganizationTests.CreateOrgWithIndustryTest.CreOrgWithIndTest(CreateOrgWithIndustryTest.java:39)
... Removed 27 stack frames]]>
    </failure>
  </testcase> <!-- CreOrgWithIndTest -->
</testsuite> <!-- Test -->
