<?xml version="1.0" encoding="UTF-8"?>
<testng-results ignored="0" total="1" passed="1" failed="0" skipped="0">
  <reporter-output>
  </reporter-output>
  <suite started-at="2023-08-01T14:55:58Z" name="Default suite" finished-at="2023-08-01T14:55:58Z" duration-ms="50">
    <groups>
    </groups>
    <test started-at="2023-08-01T14:55:58Z" name="Default test" finished-at="2023-08-01T14:55:58Z" duration-ms="50">
      <class name="Vtiger.ReadDataFromcmdLineTest">
        <test-method signature="readData()[pri:0, instance:Vtiger.ReadDataFromcmdLineTest@65b104b9]" started-at="2023-08-01T14:55:58Z" name="readData" finished-at="2023-08-01T14:55:58Z" duration-ms="12" status="PASS">
          <reporter-output>
          </reporter-output>
        </test-method> <!-- readData -->
      </class> <!-- Vtiger.ReadDataFromcmdLineTest -->
    </test> <!-- Default test -->
  </suite> <!-- Default suite -->
</testng-results>
